<?xml version="1.0" encoding="UTF-8"?>
<!-- Generated by org.testng.reporters.JUnitReportReporter -->
<testsuite hostname="Akas" failures="0" tests="1" name="com.automation.demo.test" time="0.019" errors="0" timestamp="2022-03-28T23:56:56 IST" skipped="0">
  <testcase classname="com.automation.demo.test" name="test1" time="0.019"/>
  <system-out/>
</testsuite> <!-- com.automation.demo.test -->
