<?xml version="1.0" encoding="UTF-8"?>
<!-- Generated by org.testng.reporters.JUnitReportReporter -->
<testsuite hostname="Akas" failures="0" tests="3" name="com.automation.demo.AppTest" time="0.009" errors="0" timestamp="2022-03-28T23:56:56 IST" skipped="0">
  <testcase classname="com.automation.demo.AppTest" name="testApp" time="0.005"/>
  <system-out/>
  <testcase classname="com.automation.demo.AppTest" name="AppTest2" time="0.003"/>
  <system-out/>
  <testcase classname="com.automation.demo.AppTest" name="suite" time="0.001"/>
  <system-out/>
</testsuite> <!-- com.automation.demo.AppTest -->
